#
# There is insufficient memory for the Java Runtime Environment to continue.
# Native memory allocation (malloc) failed to allocate 165675008 bytes for committing reserved memory.
# Possible reasons:
#   The system is out of physical RAM or swap space
#   In 32 bit mode, the process size limit was hit
# Possible solutions:
#   Reduce memory load on the system
#   Increase physical memory or swap space
#   Check if swap backing store is full
#   Use 64 bit Java on a 64 bit OS
#   Decrease Java heap size (-Xmx/-Xms)
#   Decrease number of Java threads
#   Decrease Java thread stack sizes (-Xss)
#   Set larger code cache with -XX:ReservedCodeCacheSize=
# This output file may be truncated or incomplete.
#
#  Out of Memory Error (os_linux.cpp:2827), pid=7367, tid=140686163048192
#
# JRE version: OpenJDK Runtime Environment (7.0_95) (build 1.7.0_95-b00)
# Java VM: OpenJDK 64-Bit Server VM (24.95-b01 mixed mode linux-amd64 compressed oops)
# Derivative: IcedTea 2.6.4
# Distribution: Custom build (Thu Jan 21 12:25:37 UTC 2016)
# Core dump written. Default location: /mnt/data/progr/android_projects/Kuponchik.Ru/app/core or core.7367
#

---------------  T H R E A D  ---------------

Current thread (0x00007ff414074000):  VMThread [stack: 0x00007ff40cb5f000,0x00007ff40cc60000] [id=7378]

Stack: [0x00007ff40cb5f000,0x00007ff40cc60000],  sp=0x00007ff40cc5e4f0,  free space=1021k
Native frames: (J=compiled Java code, j=interpreted, Vv=VM code, C=native code)
V  [libjvm.so+0x993f93]
V  [libjvm.so+0x48a62f]
V  [libjvm.so+0x800c8b]
V  [libjvm.so+0x7fb0fe]
V  [libjvm.so+0x87155b]
V  [libjvm.so+0x872ea3]
V  [libjvm.so+0x86f128]
V  [libjvm.so+0x86f40c]
V  [libjvm.so+0x8245b3]
V  [libjvm.so+0x995a32]
V  [libjvm.so+0x99a777]
V  [libjvm.so+0x998008]
V  [libjvm.so+0x99937f]
V  [libjvm.so+0x999871]
V  [libjvm.so+0x7fdbc2]

VM_Operation (0x00007ff406849090): ParallelGCFailedAllocation, mode: safepoint, requested by thread 0x00007ff41417b000


---------------  P R O C E S S  ---------------

Java Threads: ( => current thread )
  0x00007ff41417d000 JavaThread "pool-1-thread-3" [_thread_blocked, id=7397, stack(0x00007ff406649000,0x00007ff40674a000)]
  0x00007ff41417b000 JavaThread "pool-1-thread-2" [_thread_blocked, id=7396, stack(0x00007ff40674a000,0x00007ff40684b000)]
  0x00007ff41417a800 JavaThread "pool-2-thread-1" [_thread_blocked, id=7395, stack(0x00007ff40684b000,0x00007ff40694c000)]
  0x00007ff414178800 JavaThread "pool-1-thread-1" [_thread_blocked, id=7394, stack(0x00007ff40694c000,0x00007ff406a4d000)]
  0x00007ff4140af000 JavaThread "Service Thread" daemon [_thread_blocked, id=7389, stack(0x00007ff40c289000,0x00007ff40c38a000)]
  0x00007ff4140ac800 JavaThread "C2 CompilerThread1" daemon [_thread_blocked, id=7388, stack(0x00007ff40c38a000,0x00007ff40c48b000)]
  0x00007ff4140aa000 JavaThread "C2 CompilerThread0" daemon [_thread_blocked, id=7387, stack(0x00007ff40c48b000,0x00007ff40c58c000)]
  0x00007ff4140a7800 JavaThread "Signal Dispatcher" daemon [_thread_blocked, id=7386, stack(0x00007ff40c58c000,0x00007ff40c68d000)]
  0x00007ff41407a800 JavaThread "Finalizer" daemon [_thread_blocked, id=7380, stack(0x00007ff40c95d000,0x00007ff40ca5e000)]
  0x00007ff414078800 JavaThread "Reference Handler" daemon [_thread_blocked, id=7379, stack(0x00007ff40ca5e000,0x00007ff40cb5f000)]
  0x00007ff414008800 JavaThread "main" [_thread_blocked, id=7373, stack(0x00007ff41acf3000,0x00007ff41adf4000)]

Other Threads:
=>0x00007ff414074000 VMThread [stack: 0x00007ff40cb5f000,0x00007ff40cc60000] [id=7378]
  0x00007ff4140b9800 WatcherThread [stack: 0x00007ff40c188000,0x00007ff40c289000] [id=7390]

VM state:at safepoint (normal execution)

VM Mutex/Monitor currently owned by a thread:  ([mutex/lock_event])
[0x00007ff414006850] Threads_lock - owner thread: 0x00007ff414074000
[0x00007ff414006d50] Heap_lock - owner thread: 0x00007ff41417b000

Heap
 PSYoungGen      total 127488K, used 4607K [0x00000000eaa80000, 0x00000000f2b80000, 0x0000000100000000)
  eden space 122880K, 0% used [0x00000000eaa80000,0x00000000eaa80000,0x00000000f2280000)
  from space 4608K, 99% used [0x00000000f2280000,0x00000000f26ffe00,0x00000000f2700000)
  to   space 4608K, 0% used [0x00000000f2700000,0x00000000f2700000,0x00000000f2b80000)
 ParOldGen       total 79360K, used 42676K [0x00000000c0000000, 0x00000000c4d80000, 0x00000000eaa80000)
  object space 79360K, 53% used [0x00000000c0000000,0x00000000c29ad328,0x00000000c4d80000)
 PSPermGen       total 21504K, used 6223K [0x00000000b5a00000, 0x00000000b6f00000, 0x00000000c0000000)
  object space 21504K, 28% used [0x00000000b5a00000,0x00000000b6013d68,0x00000000b6f00000)

Card table byte_map: [0x00007ff410ba1000,0x00007ff410df5000] byte_map_base: 0x00007ff4105f4000

Polling page: 0x00007ff41acf2000

Code Cache  [0x00007ff410df5000, 0x00007ff411065000, 0x00007ff413df5000)
 total_blobs=632 nmethods=402 adapters=184 free_code_cache=47257Kb largest_free_block=48343552

Compilation events (10 events):
Event: 36,919 Thread 0x00007ff4140ac800 nmethod 418 0x00007ff410f29d90 code [0x00007ff410f29f40, 0x00007ff410f2a718]
Event: 36,919 Thread 0x00007ff4140ac800  419             com.android.dx.rop.code.RegisterSpec::getType (10 bytes)
Event: 36,920 Thread 0x00007ff4140ac800 nmethod 419 0x00007ff410ecc350 code [0x00007ff410ecc4a0, 0x00007ff410ecc518]
Event: 36,920 Thread 0x00007ff4140ac800  420             com.android.dx.ssa.SCCP::simulatePhi (169 bytes)
Event: 37,216 Thread 0x00007ff4140ac800 nmethod 420 0x00007ff410fcd690 code [0x00007ff410fcd8c0, 0x00007ff410fce6e8]
Event: 37,216 Thread 0x00007ff4140ac800  421             com.android.dx.ssa.SsaConverter::edgeSplitPredecessors (44 bytes)
Event: 37,293 Thread 0x00007ff4140ac800 nmethod 421 0x00007ff410f81990 code [0x00007ff410f81ba0, 0x00007ff410f82280]
Event: 37,293 Thread 0x00007ff4140ac800  422             com.android.dx.ssa.SCCP::replaceConstants (209 bytes)
Event: 37,372 Thread 0x00007ff4140aa000 nmethod 414 0x00007ff410fd3650 code [0x00007ff410fd3ac0, 0x00007ff410fd6268]
Event: 37,372 Thread 0x00007ff4140aa000  423             com.android.dx.cf.code.BaseMachine::getLocalTarget (151 bytes)

GC Heap History (9 events):
Event: 7,172 GC heap before
{Heap before GC invocations=1 (full 0):
 PSYoungGen      total 35328K, used 30720K [0x00000000eaa80000, 0x00000000ed180000, 0x0000000100000000)
  eden space 30720K, 100% used [0x00000000eaa80000,0x00000000ec880000,0x00000000ec880000)
  from space 4608K, 0% used [0x00000000ecd00000,0x00000000ecd00000,0x00000000ed180000)
  to   space 4608K, 0% used [0x00000000ec880000,0x00000000ec880000,0x00000000ecd00000)
 ParOldGen       total 79360K, used 0K [0x00000000c0000000, 0x00000000c4d80000, 0x00000000eaa80000)
  object space 79360K, 0% used [0x00000000c0000000,0x00000000c0000000,0x00000000c4d80000)
 PSPermGen       total 21504K, used 5974K [0x00000000b5a00000, 0x00000000b6f00000, 0x00000000c0000000)
  object space 21504K, 27% used [0x00000000b5a00000,0x00000000b5fd5b88,0x00000000b6f00000)
Event: 7,248 GC heap after
Heap after GC invocations=1 (full 0):
 PSYoungGen      total 35328K, used 4583K [0x00000000eaa80000, 0x00000000eef80000, 0x0000000100000000)
  eden space 30720K, 0% used [0x00000000eaa80000,0x00000000eaa80000,0x00000000ec880000)
  from space 4608K, 99% used [0x00000000ec880000,0x00000000eccf9c98,0x00000000ecd00000)
  to   space 4608K, 0% used [0x00000000eeb00000,0x00000000eeb00000,0x00000000eef80000)
 ParOldGen       total 79360K, used 1712K [0x00000000c0000000, 0x00000000c4d80000, 0x00000000eaa80000)
  object space 79360K, 2% used [0x00000000c0000000,0x00000000c01ac1c8,0x00000000c4d80000)
 PSPermGen       total 21504K, used 5974K [0x00000000b5a00000, 0x00000000b6f00000, 0x00000000c0000000)
  object space 21504K, 27% used [0x00000000b5a00000,0x00000000b5fd5b88,0x00000000b6f00000)
}
Event: 11,335 GC heap before
{Heap before GC invocations=2 (full 0):
 PSYoungGen      total 35328K, used 35303K [0x00000000eaa80000, 0x00000000eef80000, 0x0000000100000000)
  eden space 30720K, 100% used [0x00000000eaa80000,0x00000000ec880000,0x00000000ec880000)
  from space 4608K, 99% used [0x00000000ec880000,0x00000000eccf9c98,0x00000000ecd00000)
  to   space 4608K, 0% used [0x00000000eeb00000,0x00000000eeb00000,0x00000000eef80000)
 ParOldGen       total 79360K, used 1712K [0x00000000c0000000, 0x00000000c4d80000, 0x00000000eaa80000)
  object space 79360K, 2% used [0x00000000c0000000,0x00000000c01ac1c8,0x00000000c4d80000)
 PSPermGen       total 21504K, used 6083K [0x00000000b5a00000, 0x00000000b6f00000, 0x00000000c0000000)
  object space 21504K, 28% used [0x00000000b5a00000,0x00000000b5ff0d68,0x00000000b6f00000)
Event: 11,450 GC heap after
Heap after GC invocations=2 (full 0):
 PSYoungGen      total 66048K, used 4599K [0x00000000eaa80000, 0x00000000eef80000, 0x0000000100000000)
  eden space 61440K, 0% used [0x00000000eaa80000,0x00000000eaa80000,0x00000000ee680000)
  from space 4608K, 99% used [0x00000000eeb00000,0x00000000eef7dc20,0x00000000eef80000)
  to   space 4608K, 0% used [0x00000000ee680000,0x00000000ee680000,0x00000000eeb00000)
 ParOldGen       total 79360K, used 6661K [0x00000000c0000000, 0x00000000c4d80000, 0x00000000eaa80000)
  object space 79360K, 8% used [0x00000000c0000000,0x00000000c06817c8,0x00000000c4d80000)
 PSPermGen       total 21504K, used 6083K [0x00000000b5a00000, 0x00000000b6f00000, 0x00000000c0000000)
  object space 21504K, 28% used [0x00000000b5a00000,0x00000000b5ff0d68,0x00000000b6f00000)
}
Event: 18,766 GC heap before
{Heap before GC invocations=3 (full 0):
 PSYoungGen      total 66048K, used 66039K [0x00000000eaa80000, 0x00000000eef80000, 0x0000000100000000)
  eden space 61440K, 100% used [0x00000000eaa80000,0x00000000ee680000,0x00000000ee680000)
  from space 4608K, 99% used [0x00000000eeb00000,0x00000000eef7dc20,0x00000000eef80000)
  to   space 4608K, 0% used [0x00000000ee680000,0x00000000ee680000,0x00000000eeb00000)
 ParOldGen       total 79360K, used 6661K [0x00000000c0000000, 0x00000000c4d80000, 0x00000000eaa80000)
  object space 79360K, 8% used [0x00000000c0000000,0x00000000c06817c8,0x00000000c4d80000)
 PSPermGen       total 21504K, used 6134K [0x00000000b5a00000, 0x00000000b6f00000, 0x00000000c0000000)
  object space 21504K, 28% used [0x00000000b5a00000,0x00000000b5ffdb18,0x00000000b6f00000)
Event: 18,959 GC heap after
Heap after GC invocations=3 (full 0):
 PSYoungGen      total 66048K, used 4601K [0x00000000eaa80000, 0x00000000f2b80000, 0x0000000100000000)
  eden space 61440K, 0% used [0x00000000eaa80000,0x00000000eaa80000,0x00000000ee680000)
  from space 4608K, 99% used [0x00000000ee680000,0x00000000eeafe510,0x00000000eeb00000)
  to   space 4608K, 0% used [0x00000000f2700000,0x00000000f2700000,0x00000000f2b80000)
 ParOldGen       total 79360K, used 15359K [0x00000000c0000000, 0x00000000c4d80000, 0x00000000eaa80000)
  object space 79360K, 19% used [0x00000000c0000000,0x00000000c0effe20,0x00000000c4d80000)
 PSPermGen       total 21504K, used 6134K [0x00000000b5a00000, 0x00000000b6f00000, 0x00000000c0000000)
  object space 21504K, 28% used [0x00000000b5a00000,0x00000000b5ffdb18,0x00000000b6f00000)
}
Event: 26,228 GC heap before
{Heap before GC invocations=4 (full 0):
 PSYoungGen      total 66048K, used 66041K [0x00000000eaa80000, 0x00000000f2b80000, 0x0000000100000000)
  eden space 61440K, 100% used [0x00000000eaa80000,0x00000000ee680000,0x00000000ee680000)
  from space 4608K, 99% used [0x00000000ee680000,0x00000000eeafe510,0x00000000eeb00000)
  to   space 4608K, 0% used [0x00000000f2700000,0x00000000f2700000,0x00000000f2b80000)
 ParOldGen       total 79360K, used 15359K [0x00000000c0000000, 0x00000000c4d80000, 0x00000000eaa80000)
  object space 79360K, 19% used [0x00000000c0000000,0x00000000c0effe20,0x00000000c4d80000)
 PSPermGen       total 21504K, used 6163K [0x00000000b5a00000, 0x00000000b6f00000, 0x00000000c0000000)
  object space 21504K, 28% used [0x00000000b5a00000,0x00000000b6004c40,0x00000000b6f00000)
Event: 26,486 GC heap after
Heap after GC invocations=4 (full 0):
 PSYoungGen      total 127488K, used 4596K [0x00000000eaa80000, 0x00000000f2b80000, 0x0000000100000000)
  eden space 122880K, 0% used [0x00000000eaa80000,0x00000000eaa80000,0x00000000f2280000)
  from space 4608K, 99% used [0x00000000f2700000,0x00000000f2b7d198,0x00000000f2b80000)
  to   space 4608K, 0% used [0x00000000f2280000,0x00000000f2280000,0x00000000f2700000)
 ParOldGen       total 79360K, used 23876K [0x00000000c0000000, 0x00000000c4d80000, 0x00000000eaa80000)
  object space 79360K, 30% used [0x00000000c0000000,0x00000000c1751320,0x00000000c4d80000)
 PSPermGen       total 21504K, used 6163K [0x00000000b5a00000, 0x00000000b6f00000, 0x00000000c0000000)
  object space 21504K, 28% used [0x00000000b5a00000,0x00000000b6004c40,0x00000000b6f00000)
}
Event: 37,476 GC heap before
{Heap before GC invocations=5 (full 0):
 PSYoungGen      total 127488K, used 127476K [0x00000000eaa80000, 0x00000000f2b80000, 0x0000000100000000)
  eden space 122880K, 100% used [0x00000000eaa80000,0x00000000f2280000,0x00000000f2280000)
  from space 4608K, 99% used [0x00000000f2700000,0x00000000f2b7d198,0x00000000f2b80000)
  to   space 4608K, 0% used [0x00000000f2280000,0x00000000f2280000,0x00000000f2700000)
 ParOldGen       total 79360K, used 23876K [0x00000000c0000000, 0x00000000c4d80000, 0x00000000eaa80000)
  object space 79360K, 30% used [0x00000000c0000000,0x00000000c1751320,0x00000000c4d80000)
 PSPermGen       total 21504K, used 6223K [0x00000000b5a00000, 0x00000000b6f00000, 0x00000000c0000000)
  object space 21504K, 28% used [0x00000000b5a00000,0x00000000b6013d68,0x00000000b6f00000)

Deoptimization events (10 events):
Event: 21,752 Thread 0x00007ff41417b000 Uncommon trap: reason=unstable_if action=reinterpret pc=0x00007ff410f06bc4 method=com.android.dx.ssa.SCCP.simulateStmt(Lcom/android/dx/ssa/SsaInsn;)V @ 59
Event: 24,078 Thread 0x00007ff414008800 Uncommon trap: reason=bimorphic action=maybe_recompile pc=0x00007ff410edf02c method=com.android.dx.ssa.SCCP.simulatePhi(Lcom/android/dx/ssa/PhiInsn;)V @ 124
Event: 27,227 Thread 0x00007ff41417d000 Uncommon trap: reason=unstable_if action=reinterpret pc=0x00007ff410ebc028 method=com.android.dx.ssa.SCCP.simulateBranch(Lcom/android/dx/ssa/SsaInsn;)V @ 548
Event: 27,559 Thread 0x00007ff41417f000 Uncommon trap: reason=bimorphic action=maybe_recompile pc=0x00007ff410f6ddb4 method=com.android.dx.ssa.SCCP.simulatePhi(Lcom/android/dx/ssa/PhiInsn;)V @ 124
Event: 28,785 Thread 0x00007ff41417b000 Uncommon trap: reason=unstable_if action=reinterpret pc=0x00007ff410f4e6ec method=com.android.dx.ssa.MoveParamCombiner$1.visitNonMoveInsn(Lcom/android/dx/ssa/NormalSsaInsn;)V @ 27
Event: 28,935 Thread 0x00007ff414178800 Uncommon trap: reason=unstable_if action=reinterpret pc=0x00007ff410f5f77c method=com.android.dx.ssa.LiteralOpUpgrader$1.visitNonMoveInsn(Lcom/android/dx/ssa/NormalSsaInsn;)V @ 55
Event: 30,472 Thread 0x00007ff41417f000 Uncommon trap: reason=bimorphic action=maybe_recompile pc=0x00007ff410edf02c method=com.android.dx.ssa.SCCP.simulatePhi(Lcom/android/dx/ssa/PhiInsn;)V @ 124
Event: 30,616 Thread 0x00007ff414008800 Uncommon trap: reason=uninitialized action=reinterpret pc=0x00007ff410f3abf8 method=com.android.dx.cf.code.BytecodeArray.parseInstruction(ILcom/android/dx/cf/code/BytecodeArray$Visitor;)I @ 1095
Event: 32,564 Thread 0x00007ff41417d000 Uncommon trap: reason=unstable_if action=reinterpret pc=0x00007ff410f66034 method=com.android.dx.cf.code.BaseMachine.popArgs(Lcom/android/dx/cf/code/Frame;I)V @ 15
Event: 36,543 Thread 0x00007ff41417f000 Uncommon trap: reason=unstable_if action=reinterpret pc=0x00007ff410ece1bc method=com.android.dx.ssa.PhiTypeResolver.resolveResultType(Lcom/android/dx/ssa/PhiInsn;)Z @ 47

Internal exceptions (10 events):
Event: 8,843 Thread 0x00007ff41417b000 Threw 0x00000000eb3947a8 at /build/java7-openjdk/src/icedtea-2.6.4/openjdk/hotspot/src/share/vm/prims/jvm.cpp:1322
Event: 9,211 Thread 0x00007ff414008800 Threw 0x00000000eb6b9468 at /build/java7-openjdk/src/icedtea-2.6.4/openjdk/hotspot/src/share/vm/prims/jvm.cpp:1322
Event: 9,401 Thread 0x00007ff414008800 Threw 0x00000000eb81f438 at /build/java7-openjdk/src/icedtea-2.6.4/openjdk/hotspot/src/share/vm/prims/jvm.cpp:1322
Event: 9,403 Thread 0x00007ff414008800 Threw 0x00000000eb824cd0 at /build/java7-openjdk/src/icedtea-2.6.4/openjdk/hotspot/src/share/vm/prims/jvm.cpp:1322
Event: 9,405 Thread 0x00007ff414008800 Threw 0x00000000eb82a2e0 at /build/java7-openjdk/src/icedtea-2.6.4/openjdk/hotspot/src/share/vm/prims/jvm.cpp:1322
Event: 15,396 Thread 0x00007ff414178800 Threw 0x00000000ec7c9070 at /build/java7-openjdk/src/icedtea-2.6.4/openjdk/hotspot/src/share/vm/prims/jvm.cpp:1322
Event: 19,125 Thread 0x00007ff414008800 Implicit null exception at 0x00007ff410f156a5 to 0x00007ff410f191f1
Event: 19,665 Thread 0x00007ff414008800 Implicit null exception at 0x00007ff410f0f3df to 0x00007ff410f0fa95
Event: 25,683 Thread 0x00007ff414008800 Threw 0x00000000ee0f7ad8 at /build/java7-openjdk/src/icedtea-2.6.4/openjdk/hotspot/src/share/vm/prims/jvm.cpp:1322
Event: 29,157 Thread 0x00007ff414008800 Threw 0x00000000ec996a18 at /build/java7-openjdk/src/icedtea-2.6.4/openjdk/hotspot/src/share/vm/prims/jvm.cpp:1322

Events (10 events):
Event: 34,526 Thread 0x00007ff4140ac800 flushing nmethod 0x00007ff410f287d0
Event: 36,543 Thread 0x00007ff41417f000 Uncommon trap: trap_request=0xffffff75 fr.pc=0x00007ff410ece1bc
Event: 36,543 Thread 0x00007ff41417f000 DEOPT PACKING pc=0x00007ff410ece1bc sp=0x00007ff406647280
Event: 36,543 Thread 0x00007ff41417f000 DEOPT UNPACKING pc=0x00007ff410e2e045 sp=0x00007ff4066471a8 mode 2
Event: 36,578 loading class 0x00007ff40dea52e0
Event: 36,578 loading class 0x00007ff40dea52e0 done
Event: 36,579 loading class 0x00007ff40dea5250
Event: 36,579 loading class 0x00007ff40dea5250 done
Event: 37,302 Thread 0x00007ff41417f000 Thread exited: 0x00007ff41417f000
Event: 37,450 Executing VM operation: ParallelGCFailedAllocation


Dynamic libraries:
00400000-00401000 r-xp 00000000 08:03 800537                             /usr/lib/jvm/java-7-openjdk/jre/bin/java
00600000-00601000 rw-p 00000000 08:03 800537                             /usr/lib/jvm/java-7-openjdk/jre/bin/java
01528000-01549000 rw-p 00000000 00:00 0                                  [heap]
b5a00000-b6f00000 rw-p 00000000 00:00 0 
b6f00000-c0000000 rw-p 00000000 00:00 0 
c0000000-c4d80000 rw-p 00000000 00:00 0 
c4d80000-eaa80000 rw-p 00000000 00:00 0 
eaa80000-f2b80000 rw-p 00000000 00:00 0 
fc980000-100000000 rw-p 00000000 00:00 0 
7ff3c0000000-7ff3c0021000 rw-p 00000000 00:00 0 
7ff3c0021000-7ff3c4000000 ---p 00000000 00:00 0 
7ff3c4000000-7ff3c4034000 rw-p 00000000 00:00 0 
7ff3c4034000-7ff3c8000000 ---p 00000000 00:00 0 
7ff3c8000000-7ff3c8021000 rw-p 00000000 00:00 0 
7ff3c8021000-7ff3cc000000 ---p 00000000 00:00 0 
7ff3cc000000-7ff3cc021000 rw-p 00000000 00:00 0 
7ff3cc021000-7ff3d0000000 ---p 00000000 00:00 0 
7ff3d0000000-7ff3d0021000 rw-p 00000000 00:00 0 
7ff3d0021000-7ff3d4000000 ---p 00000000 00:00 0 
7ff3d4000000-7ff3d4046000 rw-p 00000000 00:00 0 
7ff3d4046000-7ff3d8000000 ---p 00000000 00:00 0 
7ff3d8000000-7ff3d9803000 rw-p 00000000 00:00 0 
7ff3d9803000-7ff3dc000000 ---p 00000000 00:00 0 
7ff3dc000000-7ff3dc021000 rw-p 00000000 00:00 0 
7ff3dc021000-7ff3e0000000 ---p 00000000 00:00 0 
7ff3e0000000-7ff3e0021000 rw-p 00000000 00:00 0 
7ff3e0021000-7ff3e4000000 ---p 00000000 00:00 0 
7ff3e4000000-7ff3e5989000 rw-p 00000000 00:00 0 
7ff3e5989000-7ff3e8000000 ---p 00000000 00:00 0 
7ff3e8000000-7ff3e8021000 rw-p 00000000 00:00 0 
7ff3e8021000-7ff3ec000000 ---p 00000000 00:00 0 
7ff3ec000000-7ff3ec021000 rw-p 00000000 00:00 0 
7ff3ec021000-7ff3f0000000 ---p 00000000 00:00 0 
7ff3f0000000-7ff3f0021000 rw-p 00000000 00:00 0 
7ff3f0021000-7ff3f4000000 ---p 00000000 00:00 0 
7ff3f4000000-7ff3f4031000 rw-p 00000000 00:00 0 
7ff3f4031000-7ff3f8000000 ---p 00000000 00:00 0 
7ff3f8000000-7ff3f8021000 rw-p 00000000 00:00 0 
7ff3f8021000-7ff3fc000000 ---p 00000000 00:00 0 
7ff400000000-7ff400021000 rw-p 00000000 00:00 0 
7ff400021000-7ff404000000 ---p 00000000 00:00 0 
7ff406548000-7ff40654b000 ---p 00000000 00:00 0 
7ff40654b000-7ff406649000 rw-p 00000000 00:00 0 
7ff406649000-7ff40664c000 ---p 00000000 00:00 0 
7ff40664c000-7ff40674a000 rw-p 00000000 00:00 0                          [stack:7397]
7ff40674a000-7ff40674d000 ---p 00000000 00:00 0 
7ff40674d000-7ff40684b000 rw-p 00000000 00:00 0                          [stack:7396]
7ff40684b000-7ff40684e000 ---p 00000000 00:00 0 
7ff40684e000-7ff40694c000 rw-p 00000000 00:00 0                          [stack:7395]
7ff40694c000-7ff40694f000 ---p 00000000 00:00 0 
7ff40694f000-7ff406a4d000 rw-p 00000000 00:00 0                          [stack:7394]
7ff406a4d000-7ff406abc000 r-xp 00000000 08:03 272884                     /usr/lib/libpcre.so.1.2.6
7ff406abc000-7ff406cbb000 ---p 0006f000 08:03 272884                     /usr/lib/libpcre.so.1.2.6
7ff406cbb000-7ff406cbc000 r--p 0006e000 08:03 272884                     /usr/lib/libpcre.so.1.2.6
7ff406cbc000-7ff406cbd000 rw-p 0006f000 08:03 272884                     /usr/lib/libpcre.so.1.2.6
7ff406cbd000-7ff406cc5000 r-xp 00000000 08:03 307236                     /usr/lib/libffi.so.6.0.4
7ff406cc5000-7ff406ec4000 ---p 00008000 08:03 307236                     /usr/lib/libffi.so.6.0.4
7ff406ec4000-7ff406ec5000 r--p 00007000 08:03 307236                     /usr/lib/libffi.so.6.0.4
7ff406ec5000-7ff406ec6000 rw-p 00008000 08:03 307236                     /usr/lib/libffi.so.6.0.4
7ff406ecd000-7ff406ee1000 r-xp 00000000 08:03 265590                     /usr/lib/libresolv-2.23.so
7ff406ee1000-7ff4070e0000 ---p 00014000 08:03 265590                     /usr/lib/libresolv-2.23.so
7ff4070e0000-7ff4070e1000 r--p 00013000 08:03 265590                     /usr/lib/libresolv-2.23.so
7ff4070e1000-7ff4070e2000 rw-p 00014000 08:03 265590                     /usr/lib/libresolv-2.23.so
7ff4070e2000-7ff4070e4000 rw-p 00000000 00:00 0 
7ff4070e5000-7ff4070e8000 r-xp 00000000 08:03 302374                     /usr/lib/libgmodule-2.0.so.0.4600.2
7ff4070e8000-7ff4072e7000 ---p 00003000 08:03 302374                     /usr/lib/libgmodule-2.0.so.0.4600.2
7ff4072e7000-7ff4072e8000 r--p 00002000 08:03 302374                     /usr/lib/libgmodule-2.0.so.0.4600.2
7ff4072e8000-7ff4072e9000 rw-p 00003000 08:03 302374                     /usr/lib/libgmodule-2.0.so.0.4600.2
7ff4072ed000-7ff4073f9000 r-xp 00000000 08:03 301777                     /usr/lib/libglib-2.0.so.0.4600.2
7ff4073f9000-7ff4075f8000 ---p 0010c000 08:03 301777                     /usr/lib/libglib-2.0.so.0.4600.2
7ff4075f8000-7ff4075f9000 r--p 0010b000 08:03 301777                     /usr/lib/libglib-2.0.so.0.4600.2
7ff4075f9000-7ff4075fa000 rw-p 0010c000 08:03 301777                     /usr/lib/libglib-2.0.so.0.4600.2
7ff4075fa000-7ff4075fb000 rw-p 00000000 00:00 0 
7ff4075fd000-7ff40764e000 r-xp 00000000 08:03 302378                     /usr/lib/libgobject-2.0.so.0.4600.2
7ff40764e000-7ff40784d000 ---p 00051000 08:03 302378                     /usr/lib/libgobject-2.0.so.0.4600.2
7ff40784d000-7ff40784e000 r--p 00050000 08:03 302378                     /usr/lib/libgobject-2.0.so.0.4600.2
7ff40784e000-7ff40784f000 rw-p 00051000 08:03 302378                     /usr/lib/libgobject-2.0.so.0.4600.2
7ff407855000-7ff4079cd000 r-xp 00000000 08:03 302380                     /usr/lib/libgio-2.0.so.0.4600.2
7ff4079cd000-7ff407bcc000 ---p 00178000 08:03 302380                     /usr/lib/libgio-2.0.so.0.4600.2
7ff407bcc000-7ff407bd0000 r--p 00177000 08:03 302380                     /usr/lib/libgio-2.0.so.0.4600.2
7ff407bd0000-7ff407bd2000 rw-p 0017b000 08:03 302380                     /usr/lib/libgio-2.0.so.0.4600.2
7ff407bd2000-7ff407bd4000 rw-p 00000000 00:00 0 
7ff407bd5000-7ff407bec000 r-xp 00000000 08:03 1196431                    /usr/lib/jvm/java-7-openjdk/jre/lib/amd64/libnet.so
7ff407bec000-7ff407dec000 ---p 00017000 08:03 1196431                    /usr/lib/jvm/java-7-openjdk/jre/lib/amd64/libnet.so
7ff407dec000-7ff407ded000 rw-p 00017000 08:03 1196431                    /usr/lib/jvm/java-7-openjdk/jre/lib/amd64/libnet.so
7ff407ded000-7ff407dfd000 r-xp 00000000 08:03 1196436                    /usr/lib/jvm/java-7-openjdk/jre/lib/amd64/libnio.so
7ff407dfd000-7ff407ffd000 ---p 00010000 08:03 1196436                    /usr/lib/jvm/java-7-openjdk/jre/lib/amd64/libnio.so
7ff407ffd000-7ff407ffe000 rw-p 00010000 08:03 1196436                    /usr/lib/jvm/java-7-openjdk/jre/lib/amd64/libnio.so
7ff408000000-7ff408021000 rw-p 00000000 00:00 0 
7ff408021000-7ff40c000000 ---p 00000000 00:00 0 
7ff40c0cc000-7ff40c0fd000 rw-p 00000000 00:00 0 
7ff40c13d000-7ff40c16d000 r--p 00000000 08:03 264119                     /usr/share/locale/ru/LC_MESSAGES/libc.mo
7ff40c174000-7ff40c183000 r--s 000df000 08:11 638046                     /mnt/data/android-sdk/build-tools/23.0.1/lib/dx.jar
7ff40c188000-7ff40c189000 ---p 00000000 00:00 0 
7ff40c189000-7ff40c289000 rw-p 00000000 00:00 0                          [stack:7390]
7ff40c289000-7ff40c28c000 ---p 00000000 00:00 0 
7ff40c28c000-7ff40c38a000 rw-p 00000000 00:00 0                          [stack:7389]
7ff40c38a000-7ff40c38d000 ---p 00000000 00:00 0 
7ff40c38d000-7ff40c48b000 rw-p 00000000 00:00 0                          [stack:7388]
7ff40c48b000-7ff40c48e000 ---p 00000000 00:00 0 
7ff40c48e000-7ff40c58c000 rw-p 00000000 00:00 0                          [stack:7387]
7ff40c58c000-7ff40c58f000 ---p 00000000 00:00 0 
7ff40c58f000-7ff40c68d000 rw-p 00000000 00:00 0                          [stack:7386]
7ff40c68d000-7ff40c956000 r--p 00000000 08:03 309618                     /usr/lib/locale/locale-archive
7ff40c95d000-7ff40c960000 ---p 00000000 00:00 0 
7ff40c960000-7ff40ca5e000 rw-p 00000000 00:00 0                          [stack:7380]
7ff40ca5e000-7ff40ca61000 ---p 00000000 00:00 0 
7ff40ca61000-7ff40cb5f000 rw-p 00000000 00:00 0                          [stack:7379]
7ff40cb5f000-7ff40cb60000 ---p 00000000 00:00 0 
7ff40cb60000-7ff40dc3c000 rw-p 00000000 00:00 0                          [stack:7378]
7ff40dc3c000-7ff40ddee000 r--s 01d2f000 08:03 932269                     /usr/lib/jvm/java-7-openjdk/jre/lib/rt.jar
7ff40ddf3000-7ff410647000 rw-p 00000000 00:00 0 
7ff410647000-7ff410648000 ---p 00000000 00:00 0 
7ff410648000-7ff410748000 rw-p 00000000 00:00 0                          [stack:7377]
7ff410748000-7ff410749000 ---p 00000000 00:00 0 
7ff410749000-7ff410849000 rw-p 00000000 00:00 0                          [stack:7376]
7ff410849000-7ff41084a000 ---p 00000000 00:00 0 
7ff41084a000-7ff41094a000 rw-p 00000000 00:00 0                          [stack:7375]
7ff41094a000-7ff41094b000 ---p 00000000 00:00 0 
7ff41094b000-7ff410a72000 rw-p 00000000 00:00 0                          [stack:7374]
7ff410a72000-7ff410ba1000 rw-p 00000000 00:00 0 
7ff410ba1000-7ff410bac000 rw-p 00000000 00:00 0 
7ff410bac000-7ff410bf4000 rw-p 00000000 00:00 0 
7ff410bf4000-7ff410c1b000 rw-p 00000000 00:00 0 
7ff410c1b000-7ff410d49000 rw-p 00000000 00:00 0 
7ff410d49000-7ff410d8a000 rw-p 00000000 00:00 0 
7ff410d8a000-7ff410df4000 rw-p 00000000 00:00 0 
7ff410df4000-7ff410df5000 rw-p 00000000 00:00 0 
7ff410df5000-7ff411065000 rwxp 00000000 00:00 0 
7ff411065000-7ff413df5000 rw-p 00000000 00:00 0 
7ff413df5000-7ff413dfd000 r-xp 00000000 08:03 1196430                    /usr/lib/jvm/java-7-openjdk/jre/lib/amd64/libzip.so
7ff413dfd000-7ff413ffc000 ---p 00008000 08:03 1196430                    /usr/lib/jvm/java-7-openjdk/jre/lib/amd64/libzip.so
7ff413ffc000-7ff413ffd000 rw-p 00007000 08:03 1196430                    /usr/lib/jvm/java-7-openjdk/jre/lib/amd64/libzip.so
7ff414000000-7ff4141c5000 rw-p 00000000 00:00 0 
7ff4141c5000-7ff418000000 ---p 00000000 00:00 0 
7ff418009000-7ff41805d000 rw-p 00000000 00:00 0 
7ff41805d000-7ff4180a5000 rw-p 00000000 00:00 0 
7ff4180a5000-7ff4180b0000 r-xp 00000000 08:03 265583                     /usr/lib/libnss_files-2.23.so
7ff4180b0000-7ff4182af000 ---p 0000b000 08:03 265583                     /usr/lib/libnss_files-2.23.so
7ff4182af000-7ff4182b0000 r--p 0000a000 08:03 265583                     /usr/lib/libnss_files-2.23.so
7ff4182b0000-7ff4182b1000 rw-p 0000b000 08:03 265583                     /usr/lib/libnss_files-2.23.so
7ff4182b1000-7ff4182b7000 rw-p 00000000 00:00 0 
7ff4182bd000-7ff4182e8000 r-xp 00000000 08:03 1196429                    /usr/lib/jvm/java-7-openjdk/jre/lib/amd64/libjava.so
7ff4182e8000-7ff4184e8000 ---p 0002b000 08:03 1196429                    /usr/lib/jvm/java-7-openjdk/jre/lib/amd64/libjava.so
7ff4184e8000-7ff4184ea000 rw-p 0002b000 08:03 1196429                    /usr/lib/jvm/java-7-openjdk/jre/lib/amd64/libjava.so
7ff4184ed000-7ff4184fa000 r-xp 00000000 08:03 1196427                    /usr/lib/jvm/java-7-openjdk/jre/lib/amd64/libverify.so
7ff4184fa000-7ff4186f9000 ---p 0000d000 08:03 1196427                    /usr/lib/jvm/java-7-openjdk/jre/lib/amd64/libverify.so
7ff4186f9000-7ff4186fb000 rw-p 0000c000 08:03 1196427                    /usr/lib/jvm/java-7-openjdk/jre/lib/amd64/libverify.so
7ff4186fd000-7ff418704000 r-xp 00000000 08:03 265593                     /usr/lib/librt-2.23.so
7ff418704000-7ff418903000 ---p 00007000 08:03 265593                     /usr/lib/librt-2.23.so
7ff418903000-7ff418904000 r--p 00006000 08:03 265593                     /usr/lib/librt-2.23.so
7ff418904000-7ff418905000 rw-p 00007000 08:03 265593                     /usr/lib/librt-2.23.so
7ff418905000-7ff41891b000 r-xp 00000000 08:03 268734                     /usr/lib/libgcc_s.so.1
7ff41891b000-7ff418b1a000 ---p 00016000 08:03 268734                     /usr/lib/libgcc_s.so.1
7ff418b1a000-7ff418b1b000 rw-p 00015000 08:03 268734                     /usr/lib/libgcc_s.so.1
7ff418b1d000-7ff418c20000 r-xp 00000000 08:03 265588                     /usr/lib/libm-2.23.so
7ff418c20000-7ff418e20000 ---p 00103000 08:03 265588                     /usr/lib/libm-2.23.so
7ff418e20000-7ff418e21000 r--p 00103000 08:03 265588                     /usr/lib/libm-2.23.so
7ff418e21000-7ff418e22000 rw-p 00104000 08:03 265588                     /usr/lib/libm-2.23.so
7ff418e25000-7ff418f97000 r-xp 00000000 08:03 293380                     /usr/lib/libstdc++.so.6.0.21
7ff418f97000-7ff419197000 ---p 00172000 08:03 293380                     /usr/lib/libstdc++.so.6.0.21
7ff419197000-7ff4191a1000 r--p 00172000 08:03 293380                     /usr/lib/libstdc++.so.6.0.21
7ff4191a1000-7ff4191a3000 rw-p 0017c000 08:03 293380                     /usr/lib/libstdc++.so.6.0.21
7ff4191a3000-7ff4191a7000 rw-p 00000000 00:00 0 
7ff4191ad000-7ff419cfc000 r-xp 00000000 08:03 1199415                    /usr/lib/jvm/java-7-openjdk/jre/lib/amd64/server/libjvm.so
7ff419cfc000-7ff419efc000 ---p 00b4f000 08:03 1199415                    /usr/lib/jvm/java-7-openjdk/jre/lib/amd64/server/libjvm.so
7ff419efc000-7ff419fb0000 rw-p 00b4f000 08:03 1199415                    /usr/lib/jvm/java-7-openjdk/jre/lib/amd64/server/libjvm.so
7ff419fb0000-7ff419fdb000 rw-p 00000000 00:00 0 
7ff419fdd000-7ff419ff2000 r-xp 00000000 08:03 268465                     /usr/lib/libz.so.1.2.8
7ff419ff2000-7ff41a1f1000 ---p 00015000 08:03 268465                     /usr/lib/libz.so.1.2.8
7ff41a1f1000-7ff41a1f2000 r--p 00014000 08:03 268465                     /usr/lib/libz.so.1.2.8
7ff41a1f2000-7ff41a1f3000 rw-p 00015000 08:03 268465                     /usr/lib/libz.so.1.2.8
7ff41a1f5000-7ff41a38d000 r-xp 00000000 08:03 265522                     /usr/lib/libc-2.23.so
7ff41a38d000-7ff41a58c000 ---p 00198000 08:03 265522                     /usr/lib/libc-2.23.so
7ff41a58c000-7ff41a590000 r--p 00197000 08:03 265522                     /usr/lib/libc-2.23.so
7ff41a590000-7ff41a592000 rw-p 0019b000 08:03 265522                     /usr/lib/libc-2.23.so
7ff41a592000-7ff41a596000 rw-p 00000000 00:00 0 
7ff41a59d000-7ff41a59f000 r-xp 00000000 08:03 265587                     /usr/lib/libdl-2.23.so
7ff41a59f000-7ff41a79f000 ---p 00002000 08:03 265587                     /usr/lib/libdl-2.23.so
7ff41a79f000-7ff41a7a0000 r--p 00002000 08:03 265587                     /usr/lib/libdl-2.23.so
7ff41a7a0000-7ff41a7a1000 rw-p 00003000 08:03 265587                     /usr/lib/libdl-2.23.so
7ff41a7a5000-7ff41a7b2000 r-xp 00000000 08:03 1196481                    /usr/lib/jvm/java-7-openjdk/jre/lib/amd64/jli/libjli.so
7ff41a7b2000-7ff41a9b1000 ---p 0000d000 08:03 1196481                    /usr/lib/jvm/java-7-openjdk/jre/lib/amd64/jli/libjli.so
7ff41a9b1000-7ff41a9b2000 rw-p 0000c000 08:03 1196481                    /usr/lib/jvm/java-7-openjdk/jre/lib/amd64/jli/libjli.so
7ff41a9b5000-7ff41a9cd000 r-xp 00000000 08:03 265476                     /usr/lib/libpthread-2.23.so
7ff41a9cd000-7ff41abcc000 ---p 00018000 08:03 265476                     /usr/lib/libpthread-2.23.so
7ff41abcc000-7ff41abcd000 r--p 00017000 08:03 265476                     /usr/lib/libpthread-2.23.so
7ff41abcd000-7ff41abce000 rw-p 00018000 08:03 265476                     /usr/lib/libpthread-2.23.so
7ff41abce000-7ff41abd2000 rw-p 00000000 00:00 0 
7ff41abd5000-7ff41abf8000 r-xp 00000000 08:03 265521                     /usr/lib/ld-2.23.so
7ff41ac0d000-7ff41ac2f000 rw-p 00000000 00:00 0 
7ff41ac2f000-7ff41ace5000 rw-p 00000000 00:00 0 
7ff41ace5000-7ff41aced000 rw-s 00000000 00:20 146                        /tmp/hsperfdata_art/7367
7ff41acf1000-7ff41acf2000 rw-p 00000000 00:00 0 
7ff41acf2000-7ff41acf3000 ---p 00000000 00:00 0 
7ff41acf3000-7ff41acf6000 ---p 00000000 00:00 0 
7ff41acf6000-7ff41adf8000 rw-p 00000000 00:00 0                          [stack:7373]
7ff41adf8000-7ff41adf9000 r--p 00023000 08:03 265521                     /usr/lib/ld-2.23.so
7ff41adf9000-7ff41adfa000 rw-p 00024000 08:03 265521                     /usr/lib/ld-2.23.so
7ff41adfa000-7ff41adfc000 rw-p 00000000 00:00 0 
7ffd7e2aa000-7ffd7e2cb000 rw-p 00000000 00:00 0                          [stack]
7ffd7e30d000-7ffd7e30f000 r--p 00000000 00:00 0                          [vvar]
7ffd7e30f000-7ffd7e311000 r-xp 00000000 00:00 0                          [vdso]
ffffffffff600000-ffffffffff601000 r-xp 00000000 00:00 0                  [vsyscall]

VM Arguments:
jvm_args: -Djava.awt.headless=true -Xmx1024M -Dfile.encoding=UTF-8 -Duser.country=RU -Duser.language=ru -Duser.variant 
java_command: com.android.dx.command.Main --dex --num-threads=4 --output /mnt/data/progr/android_projects/Kuponchik.Ru/app/build/intermediates/pre-dexed/debug/com.android.support-appcompat-v7-23.2.1_bac097c7ca3db317fe76fb9883fa5504ffc61014.jar /mnt/data/progr/android_projects/Kuponchik.Ru/app/build/intermediates/exploded-aar/com.android.support/appcompat-v7/23.2.1/jars/classes.jar
Launcher Type: SUN_STANDARD

Environment Variables:
PATH=/usr/local/sbin:/usr/local/bin:/usr/bin:/home/art/bin:/opt/android-sdk/platform-tools:/opt/android-sdk/tools:/usr/lib/jvm/default/bin:/opt/opencascade/bin:/usr/bin/site_perl:/usr/bin/vendor_perl:/usr/bin/core_perl
LD_LIBRARY_PATH=/opt/android-studio/bin:/opt/opencascade/lib
SHELL=/bin/bash
DISPLAY=:0.0

Signal Handlers:
SIGSEGV: [libjvm.so+0x994af0], sa_mask[0]=0x7ffbfeff, sa_flags=0x10000004
SIGBUS: [libjvm.so+0x994af0], sa_mask[0]=0x7ffbfeff, sa_flags=0x10000004
SIGFPE: [libjvm.so+0x7fbf60], sa_mask[0]=0x7ffbfeff, sa_flags=0x10000004
SIGPIPE: [libjvm.so+0x7fbf60], sa_mask[0]=0x7ffbfeff, sa_flags=0x10000004
SIGXFSZ: [libjvm.so+0x7fbf60], sa_mask[0]=0x7ffbfeff, sa_flags=0x10000004
SIGILL: [libjvm.so+0x7fbf60], sa_mask[0]=0x7ffbfeff, sa_flags=0x10000004
SIGUSR1: SIG_DFL, sa_mask[0]=0x00000000, sa_flags=0x00000000
SIGUSR2: [libjvm.so+0x7fbde0], sa_mask[0]=0x00000004, sa_flags=0x10000004
SIGHUP: [libjvm.so+0x7fbf70], sa_mask[0]=0x7ffbfeff, sa_flags=0x10000004
SIGINT: [libjvm.so+0x7fbf70], sa_mask[0]=0x7ffbfeff, sa_flags=0x10000004
SIGTERM: [libjvm.so+0x7fbf70], sa_mask[0]=0x7ffbfeff, sa_flags=0x10000004
SIGQUIT: [libjvm.so+0x7fbf70], sa_mask[0]=0x7ffbfeff, sa_flags=0x10000004
SIGTRAP: SIG_DFL, sa_mask[0]=0x00000000, sa_flags=0x00000000


---------------  S Y S T E M  ---------------

OS:Linux
uname:Linux 4.4.7-pf #1 SMP PREEMPT Mon Mar 14 18:57:55 CST 2016 x86_64
libc:glibc 2.23 NPTL 2.23 
rlimit: STACK 8192k, CORE infinity, NPROC 29765, NOFILE 4096, AS infinity
load average:14,78 5,09 2,55

/proc/meminfo:
MemTotal:        7625320 kB
MemFree:           57524 kB
MemAvailable:     138512 kB
Buffers:            1608 kB
Cached:           261440 kB
SwapCached:            0 kB
Active:          6335388 kB
Inactive:         230948 kB
Active(anon):    6307144 kB
Inactive(anon):   205856 kB
Active(file):      28244 kB
Inactive(file):    25092 kB
Unevictable:         528 kB
Mlocked:             528 kB
SwapTotal:             0 kB
SwapFree:              0 kB
Dirty:                 0 kB
Writeback:             0 kB
AnonPages:       6304592 kB
Mapped:           748672 kB
Shmem:            208952 kB
Slab:             204080 kB
SReclaimable:      68740 kB
SUnreclaim:       135340 kB
KernelStack:       15872 kB
PageTables:        82956 kB
KsmZeroPages:     527196 kB
NFS_Unstable:          0 kB
Bounce:                0 kB
WritebackTmp:          0 kB
CommitLimit:     3812660 kB
Committed_AS:   15492208 kB
VmallocTotal:   34359738367 kB
VmallocUsed:           0 kB
VmallocChunk:          0 kB
HardwareCorrupted:     0 kB
AnonHugePages:    874496 kB
HugePages_Total:       0
HugePages_Free:        0
HugePages_Rsvd:        0
HugePages_Surp:        0
Hugepagesize:       2048 kB
DirectMap4k:     3948464 kB
DirectMap2M:     3876864 kB
DirectMap1G:     1048576 kB


CPU:total 4 (4 cores per cpu, 1 threads per core) family 21 model 16 stepping 1, cmov, cx8, fxsr, mmx, sse, sse2, sse3, ssse3, sse4.1, sse4.2, popcnt, avx, aes, mmxext, 3dnowpref, lzcnt, sse4a, tsc, tscinvbit, tscinv

/proc/cpuinfo:
processor	: 0
vendor_id	: AuthenticAMD
cpu family	: 21
model		: 16
model name	: AMD A10-4600M APU with Radeon(tm) HD Graphics
stepping	: 1
microcode	: 0x6001119
cpu MHz		: 2300.000
cache size	: 2048 KB
physical id	: 0
siblings	: 4
core id		: 0
cpu cores	: 2
apicid		: 16
initial apicid	: 0
fpu		: yes
fpu_exception	: yes
cpuid level	: 13
wp		: yes
flags		: fpu vme de pse tsc msr pae mce cx8 apic sep mtrr pge mca cmov pat pse36 clflush mmx fxsr sse sse2 ht syscall nx mmxext fxsr_opt pdpe1gb rdtscp lm constant_tsc rep_good nopl nonstop_tsc extd_apicid aperfmperf pni pclmulqdq monitor ssse3 fma cx16 sse4_1 sse4_2 popcnt aes xsave avx f16c lahf_lm cmp_legacy svm extapic cr8_legacy abm sse4a misalignsse 3dnowprefetch osvw ibs xop skinit wdt lwp fma4 tce nodeid_msr tbm topoext perfctr_core perfctr_nb arat cpb hw_pstate npt lbrv svm_lock nrip_save tsc_scale vmcb_clean flushbyasid decodeassists pausefilter pfthreshold vmmcall bmi1
bugs		: fxsave_leak sysret_ss_attrs
bogomips	: 4591.59
TLB size	: 1536 4K pages
clflush size	: 64
cache_alignment	: 64
address sizes	: 48 bits physical, 48 bits virtual
power management: ts ttp tm 100mhzsteps hwpstate cpb eff_freq_ro

processor	: 1
vendor_id	: AuthenticAMD
cpu family	: 21
model		: 16
model name	: AMD A10-4600M APU with Radeon(tm) HD Graphics
stepping	: 1
microcode	: 0x6001119
cpu MHz		: 2300.000
cache size	: 2048 KB
physical id	: 0
siblings	: 4
core id		: 1
cpu cores	: 2
apicid		: 17
initial apicid	: 1
fpu		: yes
fpu_exception	: yes
cpuid level	: 13
wp		: yes
flags		: fpu vme de pse tsc msr pae mce cx8 apic sep mtrr pge mca cmov pat pse36 clflush mmx fxsr sse sse2 ht syscall nx mmxext fxsr_opt pdpe1gb rdtscp lm constant_tsc rep_good nopl nonstop_tsc extd_apicid aperfmperf pni pclmulqdq monitor ssse3 fma cx16 sse4_1 sse4_2 popcnt aes xsave avx f16c lahf_lm cmp_legacy svm extapic cr8_legacy abm sse4a misalignsse 3dnowprefetch osvw ibs xop skinit wdt lwp fma4 tce nodeid_msr tbm topoext perfctr_core perfctr_nb arat cpb hw_pstate npt lbrv svm_lock nrip_save tsc_scale vmcb_clean flushbyasid decodeassists pausefilter pfthreshold vmmcall bmi1
bugs		: fxsave_leak sysret_ss_attrs
bogomips	: 4591.59
TLB size	: 1536 4K pages
clflush size	: 64
cache_alignment	: 64
address sizes	: 48 bits physical, 48 bits virtual
power management: ts ttp tm 100mhzsteps hwpstate cpb eff_freq_ro

processor	: 2
vendor_id	: AuthenticAMD
cpu family	: 21
model		: 16
model name	: AMD A10-4600M APU with Radeon(tm) HD Graphics
stepping	: 1
microcode	: 0x6001119
cpu MHz		: 2300.000
cache size	: 2048 KB
physical id	: 0
siblings	: 4
core id		: 2
cpu cores	: 2
apicid		: 18
initial apicid	: 2
fpu		: yes
fpu_exception	: yes
cpuid level	: 13
wp		: yes
flags		: fpu vme de pse tsc msr pae mce cx8 apic sep mtrr pge mca cmov pat pse36 clflush mmx fxsr sse sse2 ht syscall nx mmxext fxsr_opt pdpe1gb rdtscp lm constant_tsc rep_good nopl nonstop_tsc extd_apicid aperfmperf pni pclmulqdq monitor ssse3 fma cx16 sse4_1 sse4_2 popcnt aes xsave avx f16c lahf_lm cmp_legacy svm extapic cr8_legacy abm sse4a misalignsse 3dnowprefetch osvw ibs xop skinit wdt lwp fma4 tce nodeid_msr tbm topoext perfctr_core perfctr_nb arat cpb hw_pstate npt lbrv svm_lock nrip_save tsc_scale vmcb_clean flushbyasid decodeassists pausefilter pfthreshold vmmcall bmi1
bugs		: fxsave_leak sysret_ss_attrs
bogomips	: 4591.59
TLB size	: 1536 4K pages
clflush size	: 64
cache_alignment	: 64
address sizes	: 48 bits physical, 48 bits virtual
power management: ts ttp tm 100mhzsteps hwpstate cpb eff_freq_ro

processor	: 3
vendor_id	: AuthenticAMD
cpu family	: 21
model		: 16
model name	: AMD A10-4600M APU with Radeon(tm) HD Graphics
stepping	: 1
microcode	: 0x6001119
cpu MHz		: 2300.000
cache size	: 2048 KB
physical id	: 0
siblings	: 4
core id		: 3
cpu cores	: 2
apicid		: 19
initial apicid	: 3
fpu		: yes
fpu_exception	: yes
cpuid level	: 13
wp		: yes
flags		: fpu vme de pse tsc msr pae mce cx8 apic sep mtrr pge mca cmov pat pse36 clflush mmx fxsr sse sse2 ht syscall nx mmxext fxsr_opt pdpe1gb rdtscp lm constant_tsc rep_good nopl nonstop_tsc extd_apicid aperfmperf pni pclmulqdq monitor ssse3 fma cx16 sse4_1 sse4_2 popcnt aes xsave avx f16c lahf_lm cmp_legacy svm extapic cr8_legacy abm sse4a misalignsse 3dnowprefetch osvw ibs xop skinit wdt lwp fma4 tce nodeid_msr tbm topoext perfctr_core perfctr_nb arat cpb hw_pstate npt lbrv svm_lock nrip_save tsc_scale vmcb_clean flushbyasid decodeassists pausefilter pfthreshold vmmcall bmi1
bugs		: fxsave_leak sysret_ss_attrs
bogomips	: 4591.59
TLB size	: 1536 4K pages
clflush size	: 64
cache_alignment	: 64
address sizes	: 48 bits physical, 48 bits virtual
power management: ts ttp tm 100mhzsteps hwpstate cpb eff_freq_ro



Memory: 4k page, physical 7625320k(56780k free), swap 0k(0k free)

vm_info: OpenJDK 64-Bit Server VM (24.95-b01) for linux-amd64 JRE (1.7.0_95-b00), built on Jan 21 2016 12:30:12 by "builduser" with gcc 5.3.0

time: Sat Apr  2 22:13:56 2016
elapsed time: 38 seconds

